<?xml version="1.0" encoding="UTF-8"?>
<!-- Generated by org.testng.reporters.JUnitReportReporter -->
<testsuite hostname="DESKTOP-F55HU1H" name="TestRunner" tests="3" failures="0" timestamp="29 Mar 2020 19:51:36 GMT" time="0.199" errors="0">
  <testcase name="feature" time="0.037" classname="TestRunner"/>
  <testcase name="feature" time="0.030" classname="TestRunner"/>
  <testcase name="feature" time="0.132" classname="TestRunner"/>
</testsuite> <!-- TestRunner -->
